MechAndroidApp/app/build/intermediates/manifest_merge_blame_file/debug/processDebugMainManifest/manifest-merger-blame-debug-report.txt
1<?xml version="1.0" encoding="utf-8"?>
2<manifest xmlns:android="http://schemas.android.com/apk/res/android"
3    package="com.version1.test1"
4    android:versionCode="1"
5    android:versionName="1.0" >
6
7    <uses-sdk
7-->INJECTED
8        android:minSdkVersion="24"
8-->INJECTED
9        android:targetSdkVersion="34" />
9-->INJECTED
10
11    <uses-permission android:name="android.permission.ACCESS_FINE_LOCATION" />
11-->src\main\AndroidManifest.xml:5:5-79
11-->src\main\AndroidManifest.xml:5:22-76
12    <uses-permission android:name="android.permission.ACCESS_COARSE_LOCATION" />
12-->src\main\AndroidManifest.xml:6:5-81
12-->src\main\AndroidManifest.xml:6:22-78
13    <uses-permission android:name="android.permission.ACCESS_BACKGROUND_LOCATION" />
13-->src\main\AndroidManifest.xml:7:5-85
13-->src\main\AndroidManifest.xml:7:22-82
14    <uses-permission android:name="android.permission.INTERNET" />
14-->src\main\AndroidManifest.xml:8:5-67
14-->src\main\AndroidManifest.xml:8:22-64
15    <uses-permission android:name="android.permission.INTERNET" />
15-->src\main\AndroidManifest.xml:8:5-67
15-->src\main\AndroidManifest.xml:8:22-64
16    <uses-permission android:name="android.permission.ACCESS_NETWORK_STATE" />
16-->src\main\AndroidManifest.xml:10:5-79
16-->src\main\AndroidManifest.xml:10:22-76
17
18    <uses-feature
18-->[com.google.android.gms:play-services-maps:20.0.0] AndroidManifest.xml:22:5-24:33
19        android:glEsVersion="0x00020000"
19-->[com.google.android.gms:play-services-maps:20.0.0] AndroidManifest.xml:23:8-40
20        android:required="true" />
20-->[com.google.android.gms:play-services-maps:20.0.0] AndroidManifest.xml:24:8-31
21
22    <queries>
22-->[com.google.android.gms:play-services-maps:20.0.0] AndroidManifest.xml:27:5-30:15
23
24        <!-- Needs to be explicitly declared on Android R+ -->
25        <package android:name="com.google.android.apps.maps" />
25-->[com.google.android.gms:play-services-maps:20.0.0] AndroidManifest.xml:29:7-61
25-->[com.google.android.gms:play-services-maps:20.0.0] AndroidManifest.xml:29:16-59
26    </queries>
27
28    <permission
28-->[androidx.core:core:1.18.0] AndroidManifest.xml:22:5-24:47
29        android:name="com.version1.test1.DYNAMIC_RECEIVER_NOT_EXPORTED_PERMISSION"
29-->[androidx.core:core:1.18.0] AndroidManifest.xml:23:9-81
30        android:protectionLevel="signature" />
30-->[androidx.core:core:1.18.0] AndroidManifest.xml:24:9-44
31
32    <uses-permission android:name="com.version1.test1.DYNAMIC_RECEIVER_NOT_EXPORTED_PERMISSION" />
32-->[androidx.core:core:1.18.0] AndroidManifest.xml:26:5-97
32-->[androidx.core:core:1.18.0] AndroidManifest.xml:26:22-94
33
34    <supports-screens
34-->[org.osmdroid:osmdroid-android:6.1.18] AndroidManifest.xml:9:5-12:40
35        android:anyDensity="true"
35-->[org.osmdroid:osmdroid-android:6.1.18] AndroidManifest.xml:10:9-34
36        android:largeScreens="true"
36-->[org.osmdroid:osmdroid-android:6.1.18] AndroidManifest.xml:11:9-36
37        android:normalScreens="true" />
37-->[org.osmdroid:osmdroid-android:6.1.18] AndroidManifest.xml:12:9-37
38
39    <uses-feature
39-->[org.osmdroid:osmdroid-android:6.1.18] AndroidManifest.xml:14:5-16:36
40        android:name="android.hardware.location.network"
40-->[org.osmdroid:osmdroid-android:6.1.18] AndroidManifest.xml:15:9-57
41        android:required="false" />
41-->[org.osmdroid:osmdroid-android:6.1.18] AndroidManifest.xml:16:9-33
42    <uses-feature
42-->[org.osmdroid:osmdroid-android:6.1.18] AndroidManifest.xml:17:5-19:36
43        android:name="android.hardware.location.gps"
43-->[org.osmdroid:osmdroid-android:6.1.18] AndroidManifest.xml:18:9-53
44        android:required="false" />
44-->[org.osmdroid:osmdroid-android:6.1.18] AndroidManifest.xml:19:9-33
45    <uses-feature
45-->[org.osmdroid:osmdroid-android:6.1.18] AndroidManifest.xml:20:5-22:36
46        android:name="android.hardware.telephony"
46-->[org.osmdroid:osmdroid-android:6.1.18] AndroidManifest.xml:21:9-50
47        android:required="false" />
47-->[org.osmdroid:osmdroid-android:6.1.18] AndroidManifest.xml:22:9-33
48    <uses-feature
48-->[org.osmdroid:osmdroid-android:6.1.18] AndroidManifest.xml:23:5-25:36
49        android:name="android.hardware.wifi"
49-->[org.osmdroid:osmdroid-android:6.1.18] AndroidManifest.xml:24:9-45
50        android:required="false" />
50-->[org.osmdroid:osmdroid-android:6.1.18] AndroidManifest.xml:25:9-33
51
52    <application
52-->src\main\AndroidManifest.xml:11:5-35:19
53        android:allowBackup="true"
53-->src\main\AndroidManifest.xml:13:9-35
54        android:appComponentFactory="androidx.core.app.CoreComponentFactory"
54-->[androidx.core:core:1.18.0] AndroidManifest.xml:28:18-86
55        android:dataExtractionRules="@xml/data_extraction_rules"
55-->src\main\AndroidManifest.xml:15:9-65
56        android:debuggable="true"
57        android:extractNativeLibs="false"
57-->INJECTED
58        android:fullBackupContent="@xml/backup_rules"
58-->src\main\AndroidManifest.xml:16:9-54
59        android:icon="@mipmap/ic_launcher_foreground"
59-->src\main\AndroidManifest.xml:17:9-54
60        android:label="@string/app_name"
60-->src\main\AndroidManifest.xml:18:9-41
61        android:roundIcon="@mipmap/ic_launcher"
61-->src\main\AndroidManifest.xml:19:9-48
62        android:supportsRtl="true"
62-->src\main\AndroidManifest.xml:20:9-35
63        android:testOnly="true"
64        android:theme="@style/Theme.Test1" >
64-->src\main\AndroidManifest.xml:21:9-43
65        <activity
65-->src\main\AndroidManifest.xml:23:9-33:20
66            android:name="com.version1.test1.MainActivity"
66-->src\main\AndroidManifest.xml:24:13-41
67            android:exported="true"
67-->src\main\AndroidManifest.xml:25:13-36
68            android:label="@string/app_name"
68-->src\main\AndroidManifest.xml:26:13-45
69            android:theme="@style/Theme.Test1" >
69-->src\main\AndroidManifest.xml:27:13-47
70            <intent-filter>
70-->src\main\AndroidManifest.xml:28:13-32:29
71                <action android:name="android.intent.action.MAIN" />
71-->src\main\AndroidManifest.xml:29:17-69
71-->src\main\AndroidManifest.xml:29:25-66
72
73                <category android:name="android.intent.category.LAUNCHER" />
73-->src\main\AndroidManifest.xml:31:17-77
73-->src\main\AndroidManifest.xml:31:27-74
74            </intent-filter>
75        </activity>
76        <activity
76-->[androidx.compose.ui:ui-tooling-android:1.10.4] AndroidManifest.xml:23:9-25:39
77            android:name="androidx.compose.ui.tooling.PreviewActivity"
77-->[androidx.compose.ui:ui-tooling-android:1.10.4] AndroidManifest.xml:24:13-71
78            android:exported="true" />
78-->[androidx.compose.ui:ui-tooling-android:1.10.4] AndroidManifest.xml:25:13-36
79        <activity
79-->[androidx.compose.ui:ui-test-manifest:1.10.4] AndroidManifest.xml:23:9-26:79
80            android:name="androidx.activity.ComponentActivity"
80-->[androidx.compose.ui:ui-test-manifest:1.10.4] AndroidManifest.xml:24:13-63
81            android:exported="true"
81-->[androidx.compose.ui:ui-test-manifest:1.10.4] AndroidManifest.xml:25:13-36
82            android:theme="@android:style/Theme.Material.Light.NoActionBar" />
82-->[androidx.compose.ui:ui-test-manifest:1.10.4] AndroidManifest.xml:26:13-76
83
84        <service
84-->[com.google.firebase:firebase-database-ktx:20.3.1] AndroidManifest.xml:9:9-15:19
85            android:name="com.google.firebase.components.ComponentDiscoveryService"
85-->[com.google.firebase:firebase-database-ktx:20.3.1] AndroidManifest.xml:10:13-84
86            android:directBootAware="true"
86-->[com.google.firebase:firebase-common:20.4.3] AndroidManifest.xml:32:13-43
87            android:exported="false" >
87-->[com.google.firebase:firebase-database-ktx:20.3.1] AndroidManifest.xml:11:13-37
88            <meta-data
88-->[com.google.firebase:firebase-database-ktx:20.3.1] AndroidManifest.xml:12:13-14:85
89                android:name="com.google.firebase.components:com.google.firebase.database.ktx.FirebaseDatabaseLegacyRegistrar"
89-->[com.google.firebase:firebase-database-ktx:20.3.1] AndroidManifest.xml:13:17-127
90                android:value="com.google.firebase.components.ComponentRegistrar" />
90-->[com.google.firebase:firebase-database-ktx:20.3.1] AndroidManifest.xml:14:17-82
91            <meta-data
91-->[com.google.firebase:firebase-database:20.3.1] AndroidManifest.xml:29:13-31:85
92                android:name="com.google.firebase.components:com.google.firebase.database.FirebaseDatabaseKtxRegistrar"
92-->[com.google.firebase:firebase-database:20.3.1] AndroidManifest.xml:30:17-120
93                android:value="com.google.firebase.components.ComponentRegistrar" />
93-->[com.google.firebase:firebase-database:20.3.1] AndroidManifest.xml:31:17-82
94            <meta-data
94-->[com.google.firebase:firebase-database:20.3.1] AndroidManifest.xml:32:13-34:85
95                android:name="com.google.firebase.components:com.google.firebase.database.DatabaseRegistrar"
95-->[com.google.firebase:firebase-database:20.3.1] AndroidManifest.xml:33:17-109
96                android:value="com.google.firebase.components.ComponentRegistrar" />
96-->[com.google.firebase:firebase-database:20.3.1] AndroidManifest.xml:34:17-82
97            <meta-data
97-->[com.google.firebase:firebase-common-ktx:20.4.3] AndroidManifest.xml:12:13-14:85
98                android:name="com.google.firebase.components:com.google.firebase.ktx.FirebaseCommonLegacyRegistrar"
98-->[com.google.firebase:firebase-common-ktx:20.4.3] AndroidManifest.xml:13:17-116
99                android:value="com.google.firebase.components.ComponentRegistrar" />
99-->[com.google.firebase:firebase-common-ktx:20.4.3] AndroidManifest.xml:14:17-82
100            <meta-data
100-->[com.google.firebase:firebase-common:20.4.3] AndroidManifest.xml:35:13-37:85
101                android:name="com.google.firebase.components:com.google.firebase.FirebaseCommonKtxRegistrar"
101-->[com.google.firebase:firebase-common:20.4.3] AndroidManifest.xml:36:17-109
102                android:value="com.google.firebase.components.ComponentRegistrar" />
102-->[com.google.firebase:firebase-common:20.4.3] AndroidManifest.xml:37:17-82
103        </service>
104
105        <activity
105-->[com.google.android.gms:play-services-base:18.5.0] AndroidManifest.xml:5:9-173
106            android:name="com.google.android.gms.common.api.GoogleApiActivity"
106-->[com.google.android.gms:play-services-base:18.5.0] AndroidManifest.xml:5:19-85
107            android:exported="false"
107-->[com.google.android.gms:play-services-base:18.5.0] AndroidManifest.xml:5:146-170
108            android:theme="@android:style/Theme.Translucent.NoTitleBar" />
108-->[com.google.android.gms:play-services-base:18.5.0] AndroidManifest.xml:5:86-145
109
110        <provider
110-->[com.google.firebase:firebase-common:20.4.3] AndroidManifest.xml:23:9-28:39
111            android:name="com.google.firebase.provider.FirebaseInitProvider"
111-->[com.google.firebase:firebase-common:20.4.3] AndroidManifest.xml:24:13-77
112            android:authorities="com.version1.test1.firebaseinitprovider"
112-->[com.google.firebase:firebase-common:20.4.3] AndroidManifest.xml:25:13-72
113            android:directBootAware="true"
113-->[com.google.firebase:firebase-common:20.4.3] AndroidManifest.xml:26:13-43
114            android:exported="false"
114-->[com.google.firebase:firebase-common:20.4.3] AndroidManifest.xml:27:13-37
115            android:initOrder="100" />
115-->[com.google.firebase:firebase-common:20.4.3] AndroidManifest.xml:28:13-36
116        <provider
116-->[androidx.emoji2:emoji2:1.4.0] AndroidManifest.xml:24:9-32:20
117            android:name="androidx.startup.InitializationProvider"
117-->[androidx.emoji2:emoji2:1.4.0] AndroidManifest.xml:25:13-67
118            android:authorities="com.version1.test1.androidx-startup"
118-->[androidx.emoji2:emoji2:1.4.0] AndroidManifest.xml:26:13-68
119            android:exported="false" >
119-->[androidx.emoji2:emoji2:1.4.0] AndroidManifest.xml:27:13-37
120            <meta-data
120-->[androidx.emoji2:emoji2:1.4.0] AndroidManifest.xml:29:13-31:52
121                android:name="androidx.emoji2.text.EmojiCompatInitializer"
121-->[androidx.emoji2:emoji2:1.4.0] AndroidManifest.xml:30:17-75
122                android:value="androidx.startup" />
122-->[androidx.emoji2:emoji2:1.4.0] AndroidManifest.xml:31:17-49
123            <meta-data
123-->[androidx.lifecycle:lifecycle-process:2.10.0] AndroidManifest.xml:29:13-31:52
124                android:name="androidx.lifecycle.ProcessLifecycleInitializer"
124-->[androidx.lifecycle:lifecycle-process:2.10.0] AndroidManifest.xml:30:17-78
125                android:value="androidx.startup" />
125-->[androidx.lifecycle:lifecycle-process:2.10.0] AndroidManifest.xml:31:17-49
126            <meta-data
126-->[androidx.profileinstaller:profileinstaller:1.4.0] AndroidManifest.xml:29:13-31:52
127                android:name="androidx.profileinstaller.ProfileInstallerInitializer"
127-->[androidx.profileinstaller:profileinstaller:1.4.0] AndroidManifest.xml:30:17-85
128                android:value="androidx.startup" />
128-->[androidx.profileinstaller:profileinstaller:1.4.0] AndroidManifest.xml:31:17-49
129        </provider>
130
131        <uses-library
131-->[androidx.window:window:1.5.0] AndroidManifest.xml:23:9-25:40
132            android:name="androidx.window.extensions"
132-->[androidx.window:window:1.5.0] AndroidManifest.xml:24:13-54
133            android:required="false" />
133-->[androidx.window:window:1.5.0] AndroidManifest.xml:25:13-37
134        <uses-library
134-->[androidx.window:window:1.5.0] AndroidManifest.xml:26:9-28:40
135            android:name="androidx.window.sidecar"
135-->[androidx.window:window:1.5.0] AndroidManifest.xml:27:13-51
136            android:required="false" />
136-->[androidx.window:window:1.5.0] AndroidManifest.xml:28:13-37
137
138        <receiver
138-->[androidx.profileinstaller:profileinstaller:1.4.0] AndroidManifest.xml:34:9-52:20
139            android:name="androidx.profileinstaller.ProfileInstallReceiver"
139-->[androidx.profileinstaller:profileinstaller:1.4.0] AndroidManifest.xml:35:13-76
140            android:directBootAware="false"
140-->[androidx.profileinstaller:profileinstaller:1.4.0] AndroidManifest.xml:36:13-44
141            android:enabled="true"
141-->[androidx.profileinstaller:profileinstaller:1.4.0] AndroidManifest.xml:37:13-35
142            android:exported="true"
142-->[androidx.profileinstaller:profileinstaller:1.4.0] AndroidManifest.xml:38:13-36
143            android:permission="android.permission.DUMP" >
143-->[androidx.profileinstaller:profileinstaller:1.4.0] AndroidManifest.xml:39:13-57
144            <intent-filter>
144-->[androidx.profileinstaller:profileinstaller:1.4.0] AndroidManifest.xml:40:13-42:29
145                <action android:name="androidx.profileinstaller.action.INSTALL_PROFILE" />
145-->[androidx.profileinstaller:profileinstaller:1.4.0] AndroidManifest.xml:41:17-91
145-->[androidx.profileinstaller:profileinstaller:1.4.0] AndroidManifest.xml:41:25-88
146            </intent-filter>
147            <intent-filter>
147-->[androidx.profileinstaller:profileinstaller:1.4.0] AndroidManifest.xml:43:13-45:29
148                <action android:name="androidx.profileinstaller.action.SKIP_FILE" />
148-->[androidx.profileinstaller:profileinstaller:1.4.0] AndroidManifest.xml:44:17-85
148-->[androidx.profileinstaller:profileinstaller:1.4.0] AndroidManifest.xml:44:25-82
149            </intent-filter>
150            <intent-filter>
150-->[androidx.profileinstaller:profileinstaller:1.4.0] AndroidManifest.xml:46:13-48:29
151                <action android:name="androidx.profileinstaller.action.SAVE_PROFILE" />
151-->[androidx.profileinstaller:profileinstaller:1.4.0] AndroidManifest.xml:47:17-88
151-->[androidx.profileinstaller:profileinstaller:1.4.0] AndroidManifest.xml:47:25-85
152            </intent-filter>
153            <intent-filter>
153-->[androidx.profileinstaller:profileinstaller:1.4.0] AndroidManifest.xml:49:13-51:29
154                <action android:name="androidx.profileinstaller.action.BENCHMARK_OPERATION" />
154-->[androidx.profileinstaller:profileinstaller:1.4.0] AndroidManifest.xml:50:17-95
154-->[androidx.profileinstaller:profileinstaller:1.4.0] AndroidManifest.xml:50:25-92
155            </intent-filter>
156        </receiver>
157
158        <meta-data
158-->[com.google.android.gms:play-services-basement:18.9.0] AndroidManifest.xml:21:9-23:69
159            android:name="com.google.android.gms.version"
159-->[com.google.android.gms:play-services-basement:18.9.0] AndroidManifest.xml:22:13-58
160            android:value="@integer/google_play_services_version" />
160-->[com.google.android.gms:play-services-basement:18.9.0] AndroidManifest.xml:23:13-66
161    </application>
162
163</manifest>